2019-04-26T16:28:16.682Z - normal: Load ~/.CocosCreator/settings.json
2019-04-26T16:28:16.691Z - normal: checking language setting...
2019-04-26T16:28:16.692Z - normal: Language: zh
2019-04-26T16:28:18.933Z - success: protocol editor-framework registered
2019-04-26T16:28:18.933Z - success: protocol app registered
2019-04-26T16:28:18.934Z - success: protocol theme registered
2019-04-26T16:28:18.934Z - success: protocol packages registered
2019-04-26T16:28:18.934Z - success: protocol unpack registerred
2019-04-26T16:28:18.934Z - success: protocol disable-commonjs registerred
2019-04-26T16:28:21.737Z - normal: connected!
2019-04-26T16:28:21.739Z - normal: Check project D:\learn\work\FC_Game\FcGame
2019-04-26T16:28:21.741Z - normal: Initializing Cocos2d
2019-04-26T16:28:22.050Z - normal: Initializing Asset Database
2019-04-26T16:28:22.111Z - success: protocol uuid registerred
2019-04-26T16:28:22.111Z - success: protocol db registerred
2019-04-26T16:28:22.111Z - success: protocol thumbnail registerred
2019-04-26T16:28:22.111Z - normal: Loading editor/builtin packages
2019-04-26T16:28:22.143Z - success: anysdk loaded
2019-04-26T16:28:22.318Z - success: assets loaded
2019-04-26T16:28:22.321Z - success: builder loaded
2019-04-26T16:28:22.324Z - success: cocos-analytics loaded
2019-04-26T16:28:22.328Z - success: console loaded
2019-04-26T16:28:22.332Z - success: hierarchy loaded
2019-04-26T16:28:22.336Z - success: inspector loaded
2019-04-26T16:28:22.338Z - success: keystore loaded
2019-04-26T16:28:22.341Z - success: node-library loaded
2019-04-26T16:28:22.343Z - success: package-asset loaded
2019-04-26T16:28:22.346Z - success: preferences loaded
2019-04-26T16:28:22.348Z - success: project-exporter loaded
2019-04-26T16:28:22.371Z - success: project-importer loaded
2019-04-26T16:28:22.373Z - success: project-settings loaded
2019-04-26T16:28:22.376Z - success: ui-kit loaded
2019-04-26T16:28:22.378Z - success: ui-grid loaded
2019-04-26T16:28:22.382Z - success: scene loaded
2019-04-26T16:28:22.383Z - success: sprite-editor loaded
2019-04-26T16:28:22.388Z - success: store loaded
2019-04-26T16:28:22.393Z - success: timeline loaded
2019-04-26T16:28:22.394Z - normal: Loading builtin packages
2019-04-26T16:28:22.397Z - success: asset-db-debugger loaded
2019-04-26T16:28:22.399Z - success: code-editor loaded
2019-04-26T16:28:22.400Z - success: color-picker loaded
2019-04-26T16:28:22.403Z - success: package-manager loaded
2019-04-26T16:28:22.408Z - success: sdkbox loaded
2019-04-26T16:28:22.413Z - success: tester loaded
2019-04-26T16:28:22.415Z - success: ui-kit-preview-extra loaded
2019-04-26T16:28:22.417Z - success: ui-kit-preview loaded
2019-04-26T16:28:22.419Z - success: ui-tree loaded
2019-04-26T16:28:24.113Z - normal: Initializing project D:\learn\work\FC_Game\FcGame
2019-04-26T16:28:24.116Z - normal: Loading packages
2019-04-26T16:28:24.122Z - normal: Watching packages
2019-04-26T16:28:24.144Z - normal: Run Application
2019-04-26T16:28:24.909Z - success: preview server running at http://localhost:7456
2019-04-26T16:28:32.264Z - normal: 1.8.1
2019-04-26T16:28:32.864Z - error: A Class already exists with the same __classname__ : "Zidan".
    at C:\CocosCreator\resources\engine\cocos2d\core\platform\js.js:373:24
    at Object.js.setClassName (C:\CocosCreator\resources\engine\cocos2d\core\platform\js.js:403:9)
    at doDefine (C:\CocosCreator\resources\engine\cocos2d\core\platform\CCClass.js:339:8)
    at define (C:\CocosCreator\resources\engine\cocos2d\core\platform\CCClass.js:358:15)
    at Object.CCClass [as Class] (C:\CocosCreator\resources\engine\cocos2d\core\platform\CCClass.js:920:15)
    at C:\CocosCreator\resources\engine\cocos2d\core\platform\CCClassDecorator.js:279:18
    at C:\CocosCreator\resources\engine\cocos2d\core\platform\CCClassDecorator.js:60:20
    at window.__decorate (C:\CocosCreator\resources\engine\polyfill\typescript.js:29:95)
    at D:\learn\work\FC_Game\FcGame\temp\quick-scripts\assets\script\weapon\Zidan.js:44:13
2019-04-26T16:28:32.865Z - error: A Class already exists with the same __cid__ : "b826aFNWKpDM6ff+23vo2AN".
    at Object._setClassId (C:\CocosCreator\resources\engine\cocos2d\core\platform\js.js:373:24)
    at define (C:\CocosCreator\resources\engine\cocos2d\core\platform\CCClass.js:364:20)
    at Object.CCClass [as Class] (C:\CocosCreator\resources\engine\cocos2d\core\platform\CCClass.js:920:15)
    at C:\CocosCreator\resources\engine\cocos2d\core\platform\CCClassDecorator.js:279:18
    at C:\CocosCreator\resources\engine\cocos2d\core\platform\CCClassDecorator.js:60:20
    at window.__decorate (C:\CocosCreator\resources\engine\polyfill\typescript.js:29:95)
    at D:\learn\work\FC_Game\FcGame\temp\quick-scripts\assets\script\weapon\Zidan.js:44:13
    at __define (D:\learn\work\FC_Game\FcGame\temp\quick-scripts\assets\script\weapon\Zidan.js:48:2)
    at D:\learn\work\FC_Game\FcGame\temp\quick-scripts\assets\script\weapon\Zidan.js:54:13
2019-04-26T16:29:32.348Z - normal: Start building with options : {
  "androidStudio": true,
  "apiLevel": "",
  "appABIs": [],
  "appKey": "",
  "appSecret": "",
  "buildPath": "D:\\learn\\work\\FC_Game\\FcGame\\build",
  "debug": false,
  "dest": "D:\\learn\\work\\FC_Game\\FcGame\\build\\web-desktop",
  "encryptJs": true,
  "excludeScenes": [],
  "excludedModules": [],
  "includeAnySDK": false,
  "includeEruda": false,
  "includeSDKBox": false,
  "inlineSpriteFrames": true,
  "inlineSpriteFrames_native": true,
  "jailbreakPlatform": false,
  "md5Cache": false,
  "mergeStartScene": false,
  "oauthLoginServer": "",
  "optimizeHotUpdate": false,
  "orientation": {
    "landscapeLeft": true,
    "landscapeRight": true,
    "portrait": false,
    "upsideDown": false
  },
  "packageName": "org.cocos2d.FcGame",
  "platform": "web-desktop",
  "previewHeight": "720",
  "previewWidth": "1280",
  "privateKey": "",
  "renderMode": "0",
  "scenes": [
    "9bb12bae-7382-40bf-9a29-793c4d59a90e"
  ],
  "sourceMaps": false,
  "startScene": "9bb12bae-7382-40bf-9a29-793c4d59a90e",
  "template": "link",
  "title": "FcGame",
  "useDebugKeystore": true,
  "vsVersion": "auto",
  "webOrientation": "auto",
  "wechatgame": {
    "appid": "",
    "orientation": "portrait"
  },
  "xxteaKey": "b021cbcf-22d2-42",
  "zipCompressJs": true,
  "project": "D:\\learn\\work\\FC_Game\\FcGame",
  "projectName": "FcGame",
  "debugBuildWorker": false
}
2019-04-26T16:29:32.352Z - normal: Building D:\learn\work\FC_Game\FcGame
2019-04-26T16:29:32.352Z - normal: Destination D:\learn\work\FC_Game\FcGame\build\web-desktop
2019-04-26T16:29:32.962Z - normal: Delete D:\learn\work\FC_Game\FcGame\build\web-desktop\**\*
2019-04-26T16:29:36.381Z - normal: Compiled project javascript file successfully
2019-04-26T16:29:36.381Z - normal: Start building assets
2019-04-26T16:29:36.382Z - normal: Start spawn build-worker
2019-04-26T16:29:37.631Z - normal: Finish spawn build-worker
2019-04-26T16:29:37.631Z - normal: Start init build-worker
2019-04-26T16:29:41.068Z - normal: 1.8.1
2019-04-26T16:29:41.228Z - error: A Class already exists with the same __classname__ : "Zidan".
    at C:\CocosCreator\resources\engine\cocos2d\core\platform\js.js:373:24
    at Object.js.setClassName (C:\CocosCreator\resources\engine\cocos2d\core\platform\js.js:403:9)
    at doDefine (C:\CocosCreator\resources\engine\cocos2d\core\platform\CCClass.js:339:8)
    at define (C:\CocosCreator\resources\engine\cocos2d\core\platform\CCClass.js:358:15)
    at Object.CCClass [as Class] (C:\CocosCreator\resources\engine\cocos2d\core\platform\CCClass.js:920:15)
    at C:\CocosCreator\resources\engine\cocos2d\core\platform\CCClassDecorator.js:279:18
    at C:\CocosCreator\resources\engine\cocos2d\core\platform\CCClassDecorator.js:60:20
    at window.__decorate (C:\CocosCreator\resources\engine\polyfill\typescript.js:29:95)
    at D:\learn\work\FC_Game\FcGame\temp\quick-scripts\assets\script\weapon\Zidan.js:44:13
2019-04-26T16:29:41.229Z - error: A Class already exists with the same __cid__ : "b826aFNWKpDM6ff+23vo2AN".
    at Object._setClassId (C:\CocosCreator\resources\engine\cocos2d\core\platform\js.js:373:24)
    at define (C:\CocosCreator\resources\engine\cocos2d\core\platform\CCClass.js:364:20)
    at Object.CCClass [as Class] (C:\CocosCreator\resources\engine\cocos2d\core\platform\CCClass.js:920:15)
    at C:\CocosCreator\resources\engine\cocos2d\core\platform\CCClassDecorator.js:279:18
    at C:\CocosCreator\resources\engine\cocos2d\core\platform\CCClassDecorator.js:60:20
    at window.__decorate (C:\CocosCreator\resources\engine\polyfill\typescript.js:29:95)
    at D:\learn\work\FC_Game\FcGame\temp\quick-scripts\assets\script\weapon\Zidan.js:44:13
    at __define (D:\learn\work\FC_Game\FcGame\temp\quick-scripts\assets\script\weapon\Zidan.js:48:2)
    at D:\learn\work\FC_Game\FcGame\temp\quick-scripts\assets\script\weapon\Zidan.js:54:13
2019-04-26T16:29:41.230Z - normal: Finish init build-worker
2019-04-26T16:29:41.231Z - normal: Start build-assets in worker
2019-04-26T16:29:42.922Z - normal: Finish build-assets in worker
2019-04-26T16:29:42.951Z - normal: Finish building assets
2019-04-26T16:29:42.993Z - normal: Start building raw assets
2019-04-26T16:29:42.995Z - normal: Start building plugin scripts
2019-04-26T16:29:43.068Z - normal: Finish building raw assets
2019-04-26T16:29:43.096Z - normal: Generating main.js from C:\CocosCreator\resources\static\build-templates\shares\main.js
2019-04-26T16:29:43.163Z - normal: Generating html from C:\CocosCreator\resources\static\build-templates\web-desktop\template\index.html
2019-04-26T16:29:43.196Z - normal: Built to "D:\learn\work\FC_Game\FcGame\build\web-desktop" successfully
